<?xml version="1.0" encoding="UTF-8" ?>
<testsuite tests="44" failures="0" name="InjectedTest" time="1.079" errors="0" skipped="0">
  <properties>
[...]
</properties>
  <testcase classname="org.jvnet.hudson.test.JellyTestSuiteBuilder$JellyCheck" name="hudson/plugins/cobertura/dashboard/CoverageTablePortlet/portlet.jelly" time="0.118"/>
  <testcase classname="org.jvnet.hudson.test.JellyTestSuiteBuilder$JellyCheck" name="hudson/plugins/cobertura/CoberturaPublisher/config.jelly" time="0.569"/>
  <testcase classname="org.jvnet.hudson.test.JellyTestSuiteBuilder$JellyCheck" name="hudson/plugins/cobertura/CoverageColumn/column.jelly" time="0.01"/>
  <testcase classname="org.jvnet.hudson.test.JellyTestSuiteBuilder$JellyCheck" name="hudson/plugins/cobertura/dashboard/CoverageTablePortlet/main.jelly" time="0.029"/>
  <testcase classname="org.jvnet.hudson.test.JellyTestSuiteBuilder$JellyCheck" name="hudson/plugins/cobertura/CoverageColumn/config.jelly" time="0.049"/>
  <testcase classname="org.jvnet.hudson.test.JellyTestSuiteBuilder$JellyCheck" name="hudson/plugins/cobertura/targets/CoverageResult/index.jelly" time="0.102"/>
  <testcase classname="org.jvnet.hudson.test.JellyTestSuiteBuilder$JellyCheck" name="hudson/plugins/cobertura/CoberturaProjectAction/nodata.jelly" time="0.108"/>
  <testcase classname="org.jvnet.hudson.test.JellyTestSuiteBuilder$JellyCheck" name="hudson/plugins/cobertura/CoberturaBuildAction/summary.jelly" time="0.037"/>
  <testcase classname="org.jvnet.hudson.test.JellyTestSuiteBuilder$JellyCheck" name="index.jelly" time="0.006"/>
  <testcase classname="org.jvnet.hudson.test.JellyTestSuiteBuilder$JellyCheck" name="hudson/plugins/cobertura/CoberturaProjectAction/floatingBox.jelly" time="0.015"/>
  <testcase classname="org.jvnet.hudson.test.PluginAutomaticTestBuilder$OtherTests" name="testCliSanity" time="0.024"/>
  <testcase classname="org.jvnet.hudson.test.PluginAutomaticTestBuilder$OtherTests" name="testPluginActive" time="0.001"/>
  <testcase classname="org.jvnet.hudson.test.junit.FailedTest" name="org.jvnet.hudson.test.JellyTestSuiteBuilder$JellyTestSuite" time="0"/>
  <testcase classname="org.jvnet.hudson.test.PropertiesTestSuite$PropertiesTest" name="hudson/plugins/cobertura/Messages_es.properties" time="0"/>
  <testcase classname="org.jvnet.hudson.test.PropertiesTestSuite$PropertiesTest" name="hudson/plugins/cobertura/CoberturaPublisher/config_es.properties" time="0"/>
  <testcase classname="org.jvnet.hudson.test.PropertiesTestSuite$PropertiesTest" name="hudson/plugins/cobertura/targets/CoverageResult/index.properties" time="0"/>
  <testcase classname="org.jvnet.hudson.test.PropertiesTestSuite$PropertiesTest" name="hudson/plugins/cobertura/CoberturaPublisher/config_de.properties" time="0"/>
  <testcase classname="org.jvnet.hudson.test.PropertiesTestSuite$PropertiesTest" name="hudson/plugins/cobertura/CoberturaBuildAction/summary_ja.properties" time="0"/>
  <testcase classname="org.jvnet.hudson.test.PropertiesTestSuite$PropertiesTest" name="hudson/plugins/cobertura/Messages_de.properties" time="0"/>
  <testcase classname="org.jvnet.hudson.test.PropertiesTestSuite$PropertiesTest" name="hudson/plugins/cobertura/CoberturaProjectAction/floatingBox_es.properties" time="0"/>
  <testcase classname="org.jvnet.hudson.test.PropertiesTestSuite$PropertiesTest" name="hudson/plugins/cobertura/dashboard/CoverageTablePortlet/portlet_ja.properties" time="0"/>
  <testcase classname="org.jvnet.hudson.test.PropertiesTestSuite$PropertiesTest" name="hudson/plugins/cobertura/dashboard/CoverageTablePortlet/portlet_de.properties" time="0"/>
  <testcase classname="org.jvnet.hudson.test.PropertiesTestSuite$PropertiesTest" name="hudson/plugins/cobertura/CoberturaPublisher/config.properties" time="0"/>
  <testcase classname="org.jvnet.hudson.test.PropertiesTestSuite$PropertiesTest" name="hudson/plugins/cobertura/CoberturaProjectAction/nodata_de.properties" time="0"/>
  <testcase classname="org.jvnet.hudson.test.PropertiesTestSuite$PropertiesTest" name="hudson/plugins/cobertura/targets/CoverageResult/index_de.properties" time="0"/>
  <testcase classname="org.jvnet.hudson.test.PropertiesTestSuite$PropertiesTest" name="hudson/plugins/cobertura/CoberturaProjectAction/floatingBox_de.properties" time="0"/>
  <testcase classname="org.jvnet.hudson.test.PropertiesTestSuite$PropertiesTest" name="hudson/plugins/cobertura/targets/Messages_es.properties" time="0"/>
  <testcase classname="org.jvnet.hudson.test.PropertiesTestSuite$PropertiesTest" name="hudson/plugins/cobertura/dashboard/CoverageTablePortlet/main_de.properties" time="0"/>
  <testcase classname="org.jvnet.hudson.test.PropertiesTestSuite$PropertiesTest" name="hudson/plugins/cobertura/targets/CoverageResult/index_ja.properties" time="0"/>
  <testcase classname="org.jvnet.hudson.test.PropertiesTestSuite$PropertiesTest" name="hudson/plugins/cobertura/targets/Messages.properties" time="0"/>
  <testcase classname="org.jvnet.hudson.test.PropertiesTestSuite$PropertiesTest" name="hudson/plugins/cobertura/targets/CoverageResult/index_es.properties" time="0"/>
  <testcase classname="org.jvnet.hudson.test.PropertiesTestSuite$PropertiesTest" name="hudson/plugins/cobertura/targets/Messages_ja.properties" time="0"/>
  <testcase classname="org.jvnet.hudson.test.PropertiesTestSuite$PropertiesTest" name="hudson/plugins/cobertura/CoberturaProjectAction/nodata_es.properties" time="0"/>
  <testcase classname="org.jvnet.hudson.test.PropertiesTestSuite$PropertiesTest" name="hudson/plugins/cobertura/targets/Messages_de.properties" time="0.001"/>
  <testcase classname="org.jvnet.hudson.test.PropertiesTestSuite$PropertiesTest" name="hudson/plugins/cobertura/dashboard/CoverageTablePortlet/main_ja.properties" time="0"/>
  <testcase classname="org.jvnet.hudson.test.PropertiesTestSuite$PropertiesTest" name="hudson/plugins/cobertura/CoberturaProjectAction/floatingBox_ja.properties" time="0.001"/>
  <testcase classname="org.jvnet.hudson.test.PropertiesTestSuite$PropertiesTest" name="hudson/plugins/cobertura/CoberturaProjectAction/nodata_ja.properties" time="0"/>
  <testcase classname="org.jvnet.hudson.test.PropertiesTestSuite$PropertiesTest" name="hudson/plugins/cobertura/CoberturaProjectAction/nodata.properties" time="0"/>
  <testcase classname="org.jvnet.hudson.test.PropertiesTestSuite$PropertiesTest" name="hudson/plugins/cobertura/dashboard/CoverageTablePortlet/portlet_es.properties" time="0.002"/>
  <testcase classname="org.jvnet.hudson.test.PropertiesTestSuite$PropertiesTest" name="hudson/plugins/cobertura/CoberturaPublisher/config_ja.properties" time="0.003"/>
  <testcase classname="org.jvnet.hudson.test.PropertiesTestSuite$PropertiesTest" name="hudson/plugins/cobertura/Messages_ja.properties" time="0.003"/>
  <testcase classname="org.jvnet.hudson.test.PropertiesTestSuite$PropertiesTest" name="hudson/plugins/cobertura/targets/CoverageResult/index_nl.properties" time="0"/>
  <testcase classname="org.jvnet.hudson.test.PropertiesTestSuite$PropertiesTest" name="hudson/plugins/cobertura/Messages.properties" time="0"/>
  <testcase classname="org.jvnet.hudson.test.PropertiesTestSuite$PropertiesTest" name="hudson/plugins/cobertura/CoberturaProjectAction/floatingBox_sv_SE.properties" time="0.001"/>
</testsuite>